# JRE version: OpenJDK Runtime Environment Temurin-17.0.2+8 (17.0.2+8) (build 17.0.2+8)
# Java VM: OpenJDK 64-Bit Server VM Temurin-17.0.2+8 (17.0.2+8, mixed mode, tiered, compressed oops, compressed class ptrs, g1 gc, linux-amd64)
GC Precious Log:
 CPUs: 4 total, 4 available
 Memory: 3825M
 Large Page Support: Disabled
 NUMA Support: Disabled
 Compressed Oops: Enabled (32-bit)
 Heap Region Size: 1M
 Heap Min Capacity: 256M
 Heap Initial Capacity: 256M
 Heap Max Capacity: 2G
 Pre-touch: Disabled
 Parallel Workers: 4
 Concurrent Workers: 1
 Concurrent Refinement Workers: 4
 Periodic GC: Disabled
 String Deduplication is enabled
Heap:
 garbage-first heap   total 352256K, used 251363K [0x0000000080000000, 0x0000000100000000)
  region size 1024K, 95 young (97280K), 15 survivors (15360K)
 Metaspace       used 134692K, committed 137472K, reserved 1171456K
  class space    used 15170K, committed 16256K, reserved 1048576K
GC Heap History (20 events):
Event: 1652,426 GC heap before
{Heap before GC invocations=56 (full 0):
 garbage-first heap   total 352256K, used 266678K [0x0000000080000000, 0x0000000100000000)
  region size 1024K, 126 young (129024K), 16 survivors (16384K)
 Metaspace       used 132697K, committed 135616K, reserved 1171456K
  class space    used 15049K, committed 16192K, reserved 1048576K
}
Event: 1652,438 GC heap after
{Heap after GC invocations=57 (full 0):
 garbage-first heap   total 352256K, used 156297K [0x0000000080000000, 0x0000000100000000)
  region size 1024K, 16 young (16384K), 16 survivors (16384K)
 Metaspace       used 132697K, committed 135616K, reserved 1171456K
  class space    used 15049K, committed 16192K, reserved 1048576K
}
Event: 1704,355 GC heap before
{Heap before GC invocations=57 (full 0):
 garbage-first heap   total 352256K, used 266889K [0x0000000080000000, 0x0000000100000000)
  region size 1024K, 124 young (126976K), 16 survivors (16384K)
 Metaspace       used 132708K, committed 135616K, reserved 1171456K
  class space    used 15049K, committed 16192K, reserved 1048576K
}
Event: 1704,365 GC heap after
{Heap after GC invocations=58 (full 0):
 garbage-first heap   total 352256K, used 155589K [0x0000000080000000, 0x0000000100000000)
  region size 1024K, 15 young (15360K), 15 survivors (15360K)
 Metaspace       used 132708K, committed 135616K, reserved 1171456K
  class space    used 15049K, committed 16192K, reserved 1048576K
}
Event: 1791,999 GC heap before
{Heap before GC invocations=59 (full 0):
 garbage-first heap   total 352256K, used 263109K [0x0000000080000000, 0x0000000100000000)
  region size 1024K, 125 young (128000K), 15 survivors (15360K)
 Metaspace       used 132788K, committed 135680K, reserved 1171456K
  class space    used 15049K, committed 16192K, reserved 1048576K
}
Event: 1792,014 GC heap after
{Heap after GC invocations=60 (full 0):
 garbage-first heap   total 352256K, used 155566K [0x0000000080000000, 0x0000000100000000)
  region size 1024K, 16 young (16384K), 16 survivors (16384K)
 Metaspace       used 132788K, committed 135680K, reserved 1171456K
  class space    used 15049K, committed 16192K, reserved 1048576K
}
Event: 1792,034 GC heap before
{Heap before GC invocations=60 (full 0):
 garbage-first heap   total 352256K, used 156590K [0x0000000080000000, 0x0000000100000000)
  region size 1024K, 17 young (17408K), 16 survivors (16384K)
 Metaspace       used 132789K, committed 135680K, reserved 1171456K
  class space    used 15049K, committed 16192K, reserved 1048576K
}
Event: 1792,038 GC heap after
{Heap after GC invocations=61 (full 0):
 garbage-first heap   total 352256K, used 137639K [0x0000000080000000, 0x0000000100000000)
  region size 1024K, 2 young (2048K), 2 survivors (2048K)
 Metaspace       used 132789K, committed 135680K, reserved 1171456K
  class space    used 15049K, committed 16192K, reserved 1048576K
}
Event: 1812,171 GC heap before
{Heap before GC invocations=61 (full 0):
 garbage-first heap   total 352256K, used 258471K [0x0000000080000000, 0x0000000100000000)
  region size 1024K, 121 young (123904K), 2 survivors (2048K)
 Metaspace       used 134082K, committed 136896K, reserved 1171456K
  class space    used 15152K, committed 16256K, reserved 1048576K
}
Event: 1812,192 GC heap after
{Heap after GC invocations=62 (full 0):
 garbage-first heap   total 352256K, used 155153K [0x0000000080000000, 0x0000000100000000)
  region size 1024K, 16 young (16384K), 16 survivors (16384K)
 Metaspace       used 134082K, committed 136896K, reserved 1171456K
  class space    used 15152K, committed 16256K, reserved 1048576K
}
Event: 1833,994 GC heap before
{Heap before GC invocations=62 (full 0):
 garbage-first heap   total 352256K, used 190993K [0x0000000080000000, 0x0000000100000000)
  region size 1024K, 52 young (53248K), 16 survivors (16384K)
 Metaspace       used 134271K, committed 137152K, reserved 1171456K
  class space    used 15155K, committed 16256K, reserved 1048576K
}
Event: 1834,004 GC heap after
{Heap after GC invocations=63 (full 0):
 garbage-first heap   total 352256K, used 144322K [0x0000000080000000, 0x0000000100000000)
  region size 1024K, 3 young (3072K), 3 survivors (3072K)
 Metaspace       used 134271K, committed 137152K, reserved 1171456K
  class space    used 15155K, committed 16256K, reserved 1048576K
}
Event: 1876,287 GC heap before
{Heap before GC invocations=64 (full 0):
 garbage-first heap   total 352256K, used 268226K [0x0000000080000000, 0x0000000100000000)
  region size 1024K, 124 young (126976K), 3 survivors (3072K)
 Metaspace       used 134496K, committed 137344K, reserved 1171456K
  class space    used 15170K, committed 16256K, reserved 1048576K
}
Event: 1876,314 GC heap after
{Heap after GC invocations=65 (full 0):
 garbage-first heap   total 352256K, used 154015K [0x0000000080000000, 0x0000000100000000)
  region size 1024K, 16 young (16384K), 16 survivors (16384K)
 Metaspace       used 134496K, committed 137344K, reserved 1171456K
  class space    used 15170K, committed 16256K, reserved 1048576K
}
Event: 1876,318 GC heap before
{Heap before GC invocations=65 (full 0):
 garbage-first heap   total 352256K, used 155039K [0x0000000080000000, 0x0000000100000000)
  region size 1024K, 17 young (17408K), 16 survivors (16384K)
 Metaspace       used 134496K, committed 137344K, reserved 1171456K
  class space    used 15170K, committed 16256K, reserved 1048576K
}
Event: 1876,328 GC heap after
{Heap after GC invocations=66 (full 0):
 garbage-first heap   total 352256K, used 146487K [0x0000000080000000, 0x0000000100000000)
  region size 1024K, 2 young (2048K), 2 survivors (2048K)
 Metaspace       used 134496K, committed 137344K, reserved 1171456K
  class space    used 15170K, committed 16256K, reserved 1048576K
}
Event: 1909,283 GC heap before
{Heap before GC invocations=66 (full 0):
 garbage-first heap   total 352256K, used 266295K [0x0000000080000000, 0x0000000100000000)
  region size 1024K, 120 young (122880K), 2 survivors (2048K)
 Metaspace       used 134562K, committed 137408K, reserved 1171456K
  class space    used 15170K, committed 16256K, reserved 1048576K
}
Event: 1909,298 GC heap after
{Heap after GC invocations=67 (full 0):
 garbage-first heap   total 352256K, used 166909K [0x0000000080000000, 0x0000000100000000)
  region size 1024K, 15 young (15360K), 15 survivors (15360K)
 Metaspace       used 134562K, committed 137408K, reserved 1171456K
  class space    used 15170K, committed 16256K, reserved 1048576K
}
Event: 1938,931 GC heap before
{Heap before GC invocations=67 (full 0):
 garbage-first heap   total 352256K, used 271357K [0x0000000080000000, 0x0000000100000000)
  region size 1024K, 117 young (119808K), 15 survivors (15360K)
 Metaspace       used 134597K, committed 137408K, reserved 1171456K
  class space    used 15170K, committed 16256K, reserved 1048576K
}
Event: 1938,942 GC heap after
{Heap after GC invocations=68 (full 0):
 garbage-first heap   total 352256K, used 170467K [0x0000000080000000, 0x0000000100000000)
  region size 1024K, 15 young (15360K), 15 survivors (15360K)
 Metaspace       used 134597K, committed 137408K, reserved 1171456K
  class space    used 15170K, committed 16256K, reserved 1048576K
}

